Generating cluster for Subject: 1
Generated cluster for Subject: 1: ../clusters_kmeans/subject_1.png

Generating cluster for Subject: 2
Generated cluster for Subject: 2: ../clusters_kmeans/subject_2.png

Generating cluster for Subject: 3
Generated cluster for Subject: 3: ../clusters_kmeans/subject_3.png

Generating cluster for Subject: 4
Generated cluster for Subject: 4: ../clusters_kmeans/subject_4.png

Generating cluster for Subject: 5
Generated cluster for Subject: 5: ../clusters_kmeans/subject_5.png

Generating cluster for Subject: 6
Generated cluster for Subject: 6: ../clusters_kmeans/subject_6.png

Generating cluster for Subject: 7
Generated cluster for Subject: 7: ../clusters_kmeans/subject_7.png

Generating cluster for Subject: 8
Generated cluster for Subject: 8: ../clusters_kmeans/subject_8.png

Generating cluster for Subject: 9
Generated cluster for Subject: 9: ../clusters_kmeans/subject_9.png

Generating cluster for Subject: 10
Generated cluster for Subject: 10: ../clusters_kmeans/subject_10.png

Generating cluster for Subject: 11
Generated cluster for Subject: 11: ../clusters_kmeans/subject_11.png

Generating cluster for Subject: 12
Generated cluster for Subject: 12: ../clusters_kmeans/subject_12.png

Generating cluster for Subject: 13
Generated cluster for Subject: 13: ../clusters_kmeans/subject_13.png

Generating cluster for Subject: 14
Generated cluster for Subject: 14: ../clusters_kmeans/subject_14.png

Generating cluster for Subject: 15
Generated cluster for Subject: 15: ../clusters_kmeans/subject_15.png

Generating cluster for Subject: 16
Generated cluster for Subject: 16: ../clusters_kmeans/subject_16.png

Generating cluster for Subject: 17
Generated cluster for Subject: 17: ../clusters_kmeans/subject_17.png

Generating cluster for Subject: 18
Generated cluster for Subject: 18: ../clusters_kmeans/subject_18.png

Generating cluster for Subject: 19
Generated cluster for Subject: 19: ../clusters_kmeans/subject_19.png

Generating cluster for Subject: 20
Generated cluster for Subject: 20: ../clusters_kmeans/subject_20.png

Generating cluster for Subject: 21
Generated cluster for Subject: 21: ../clusters_kmeans/subject_21.png

Generating cluster for Subject: 22
Generated cluster for Subject: 22: ../clusters_kmeans/subject_22.png

Generating cluster for Subject: 23
Generated cluster for Subject: 23: ../clusters_kmeans/subject_23.png

Generating cluster for Subject: 24
Generated cluster for Subject: 24: ../clusters_kmeans/subject_24.png

Generating cluster for Subject: 25
Generated cluster for Subject: 25: ../clusters_kmeans/subject_25.png

Generating cluster for Subject: 26
Generated cluster for Subject: 26: ../clusters_kmeans/subject_26.png

Generating cluster for Subject: 27
Generated cluster for Subject: 27: ../clusters_kmeans/subject_27.png

Generating cluster for Subject: 28
Generated cluster for Subject: 28: ../clusters_kmeans/subject_28.png

Generating cluster for Subject: 29
Generated cluster for Subject: 29: ../clusters_kmeans/subject_29.png

Generating cluster for Subject: 30
Generated cluster for Subject: 30: ../clusters_kmeans/subject_30.png

Generating cluster for Subject: 31
Generated cluster for Subject: 31: ../clusters_kmeans/subject_31.png

Generating cluster for Subject: 32
Generated cluster for Subject: 32: ../clusters_kmeans/subject_32.png

Generating cluster for Subject: 33
Generated cluster for Subject: 33: ../clusters_kmeans/subject_33.png

Generating cluster for Subject: 34
Generated cluster for Subject: 34: ../clusters_kmeans/subject_34.png

Generating cluster for Subject: 35
Generated cluster for Subject: 35: ../clusters_kmeans/subject_35.png

Generating cluster for Subject: 36
Generated cluster for Subject: 36: ../clusters_kmeans/subject_36.png

Generating cluster for Subject: 37
Generated cluster for Subject: 37: ../clusters_kmeans/subject_37.png

Generating cluster for Subject: 38
Generated cluster for Subject: 38: ../clusters_kmeans/subject_38.png

Generating cluster for Subject: 39
Generated cluster for Subject: 39: ../clusters_kmeans/subject_39.png

Generating cluster for Subject: 40
Generated cluster for Subject: 40: ../clusters_kmeans/subject_40.png

Generating cluster for Subject: 41
Generated cluster for Subject: 41: ../clusters_kmeans/subject_41.png

Generating cluster for Subject: 42
Generated cluster for Subject: 42: ../clusters_kmeans/subject_42.png

Generating cluster for Subject: 43
Generated cluster for Subject: 43: ../clusters_kmeans/subject_43.png

Generating cluster for Subject: 44
Generated cluster for Subject: 44: ../clusters_kmeans/subject_44.png

Generating cluster for Subject: 45
Generated cluster for Subject: 45: ../clusters_kmeans/subject_45.png

Generating cluster for Subject: 46
Generated cluster for Subject: 46: ../clusters_kmeans/subject_46.png

Generating cluster for Subject: 47
Generated cluster for Subject: 47: ../clusters_kmeans/subject_47.png

Generating cluster for Subject: 48
Generated cluster for Subject: 48: ../clusters_kmeans/subject_48.png

Generating cluster for Subject: 49
Generated cluster for Subject: 49: ../clusters_kmeans/subject_49.png

Generating cluster for Subject: 50
Generated cluster for Subject: 50: ../clusters_kmeans/subject_50.png

Generating cluster for Subject: 51
Generated cluster for Subject: 51: ../clusters_kmeans/subject_51.png

Generating cluster for Subject: 52
Generated cluster for Subject: 52: ../clusters_kmeans/subject_52.png

Generating cluster for Subject: 53
Generated cluster for Subject: 53: ../clusters_kmeans/subject_53.png

Generating cluster for Subject: 54
Generated cluster for Subject: 54: ../clusters_kmeans/subject_54.png

Generating cluster for Subject: 55
Generated cluster for Subject: 55: ../clusters_kmeans/subject_55.png

Generating cluster for Subject: 56
Generated cluster for Subject: 56: ../clusters_kmeans/subject_56.png

Generating cluster for Subject: 57
Generated cluster for Subject: 57: ../clusters_kmeans/subject_57.png

Generating cluster for Subject: 58
Generated cluster for Subject: 58: ../clusters_kmeans/subject_58.png

Generating cluster for Subject: 59
Generated cluster for Subject: 59: ../clusters_kmeans/subject_59.png

Generating cluster for Subject: 60
Generated cluster for Subject: 60: ../clusters_kmeans/subject_60.png

Generating cluster for Subject: 61
Generated cluster for Subject: 61: ../clusters_kmeans/subject_61.png

Generating cluster for Subject: 62
Generated cluster for Subject: 62: ../clusters_kmeans/subject_62.png

Generating cluster for Subject: 63
Generated cluster for Subject: 63: ../clusters_kmeans/subject_63.png

Generating cluster for Subject: 64
Generated cluster for Subject: 64: ../clusters_kmeans/subject_64.png

Generating cluster for Subject: 65
Generated cluster for Subject: 65: ../clusters_kmeans/subject_65.png

Generating cluster for Subject: 66
Generated cluster for Subject: 66: ../clusters_kmeans/subject_66.png

Generating cluster for Subject: 67
Generated cluster for Subject: 67: ../clusters_kmeans/subject_67.png

Generating cluster for Subject: 68
Generated cluster for Subject: 68: ../clusters_kmeans/subject_68.png

Generating cluster for Subject: 69
Generated cluster for Subject: 69: ../clusters_kmeans/subject_69.png

Generating cluster for Subject: 70
Generated cluster for Subject: 70: ../clusters_kmeans/subject_70.png

Generating cluster for Subject: 71
Generated cluster for Subject: 71: ../clusters_kmeans/subject_71.png

Generating cluster for Subject: 72
Generated cluster for Subject: 72: ../clusters_kmeans/subject_72.png

Generating cluster for Subject: 73
Generated cluster for Subject: 73: ../clusters_kmeans/subject_73.png

Generating cluster for Subject: 74
Generated cluster for Subject: 74: ../clusters_kmeans/subject_74.png

Generating cluster for Subject: 75
Generated cluster for Subject: 75: ../clusters_kmeans/subject_75.png

Generating cluster for Subject: 76
Generated cluster for Subject: 76: ../clusters_kmeans/subject_76.png

Generating cluster for Subject: 77
Generated cluster for Subject: 77: ../clusters_kmeans/subject_77.png

Generating cluster for Subject: 78
Generated cluster for Subject: 78: ../clusters_kmeans/subject_78.png

Generating cluster for Subject: 79
Generated cluster for Subject: 79: ../clusters_kmeans/subject_79.png

Generating cluster for Subject: 80
Generated cluster for Subject: 80: ../clusters_kmeans/subject_80.png

Generating cluster for Subject: 81
Generated cluster for Subject: 81: ../clusters_kmeans/subject_81.png

Generating cluster for Subject: 82
Generated cluster for Subject: 82: ../clusters_kmeans/subject_82.png

Generating cluster for Subject: 83
Generated cluster for Subject: 83: ../clusters_kmeans/subject_83.png

Generating cluster for Subject: 84
Generated cluster for Subject: 84: ../clusters_kmeans/subject_84.png

Generating cluster for Subject: 85
Generated cluster for Subject: 85: ../clusters_kmeans/subject_85.png

Generating cluster for Subject: 86
Generated cluster for Subject: 86: ../clusters_kmeans/subject_86.png

Generating cluster for Subject: 87
Generated cluster for Subject: 87: ../clusters_kmeans/subject_87.png

Generating cluster for Subject: 88
Generated cluster for Subject: 88: ../clusters_kmeans/subject_88.png

Generating cluster for Subject: 89
Generated cluster for Subject: 89: ../clusters_kmeans/subject_89.png

Generating cluster for Subject: 90
Generated cluster for Subject: 90: ../clusters_kmeans/subject_90.png

Generating cluster for Subject: 91
Generated cluster for Subject: 91: ../clusters_kmeans/subject_91.png

Generating cluster for Subject: 92
Generated cluster for Subject: 92: ../clusters_kmeans/subject_92.png

Generating cluster for Subject: 93
Generated cluster for Subject: 93: ../clusters_kmeans/subject_93.png

Generating cluster for Subject: 94
Generated cluster for Subject: 94: ../clusters_kmeans/subject_94.png

Generating cluster for Subject: 95
Generated cluster for Subject: 95: ../clusters_kmeans/subject_95.png

Generating cluster for Subject: 96
Generated cluster for Subject: 96: ../clusters_kmeans/subject_96.png

Generating cluster for Subject: 97
Generated cluster for Subject: 97: ../clusters_kmeans/subject_97.png

Generating cluster for Subject: 98
Generated cluster for Subject: 98: ../clusters_kmeans/subject_98.png

Generating cluster for Subject: 99
Generated cluster for Subject: 99: ../clusters_kmeans/subject_99.png

Generating cluster for Subject: 100
Generated cluster for Subject: 100: ../clusters_kmeans/subject_100.png

Generating cluster for Subject: 101
Generated cluster for Subject: 101: ../clusters_kmeans/subject_101.png

Generating cluster for Subject: 102
Generated cluster for Subject: 102: ../clusters_kmeans/subject_102.png

Generating cluster for Subject: 103
Generated cluster for Subject: 103: ../clusters_kmeans/subject_103.png

Generating cluster for Subject: 104
Generated cluster for Subject: 104: ../clusters_kmeans/subject_104.png

Generating cluster for Subject: 105
Generated cluster for Subject: 105: ../clusters_kmeans/subject_105.png

Generating cluster for Subject: 106
Generated cluster for Subject: 106: ../clusters_kmeans/subject_106.png

Generating cluster for Subject: 107
Generated cluster for Subject: 107: ../clusters_kmeans/subject_107.png

Generating cluster for Subject: 108
Generated cluster for Subject: 108: ../clusters_kmeans/subject_108.png

Generating cluster for Subject: 109
Generated cluster for Subject: 109: ../clusters_kmeans/subject_109.png

Generating cluster for Subject: 110
Generated cluster for Subject: 110: ../clusters_kmeans/subject_110.png

Generating cluster for Subject: 111
Generated cluster for Subject: 111: ../clusters_kmeans/subject_111.png

Generating cluster for Subject: 112
Generated cluster for Subject: 112: ../clusters_kmeans/subject_112.png

Generating cluster for Subject: 113
Generated cluster for Subject: 113: ../clusters_kmeans/subject_113.png

Generating cluster for Subject: 114
Generated cluster for Subject: 114: ../clusters_kmeans/subject_114.png

Generating cluster for Subject: 115
Generated cluster for Subject: 115: ../clusters_kmeans/subject_115.png

Generating cluster for Subject: 116
Generated cluster for Subject: 116: ../clusters_kmeans/subject_116.png

Generating cluster for Subject: 117
Generated cluster for Subject: 117: ../clusters_kmeans/subject_117.png

Generating cluster for Subject: 118
Generated cluster for Subject: 118: ../clusters_kmeans/subject_118.png

Generating cluster for Subject: 119
Generated cluster for Subject: 119: ../clusters_kmeans/subject_119.png

Generating cluster for Subject: 120
Generated cluster for Subject: 120: ../clusters_kmeans/subject_120.png

Generating cluster for Subject: 121
Generated cluster for Subject: 121: ../clusters_kmeans/subject_121.png

Generating cluster for Subject: 122
Generated cluster for Subject: 122: ../clusters_kmeans/subject_122.png

Generating cluster for Subject: 123
Generated cluster for Subject: 123: ../clusters_kmeans/subject_123.png

Generating cluster for Subject: 124
Generated cluster for Subject: 124: ../clusters_kmeans/subject_124.png

Generating cluster for Subject: 125
Generated cluster for Subject: 125: ../clusters_kmeans/subject_125.png

Generating cluster for Subject: 126
Generated cluster for Subject: 126: ../clusters_kmeans/subject_126.png

Generating cluster for Subject: 127
Generated cluster for Subject: 127: ../clusters_kmeans/subject_127.png

Generating cluster for Subject: 128
Generated cluster for Subject: 128: ../clusters_kmeans/subject_128.png

Generating cluster for Subject: 129
Generated cluster for Subject: 129: ../clusters_kmeans/subject_129.png

Generating cluster for Subject: 130
Generated cluster for Subject: 130: ../clusters_kmeans/subject_130.png

Generating cluster for Subject: 131
Generated cluster for Subject: 131: ../clusters_kmeans/subject_131.png

Generating cluster for Subject: 132
Generated cluster for Subject: 132: ../clusters_kmeans/subject_132.png

Generating cluster for Subject: 133
Generated cluster for Subject: 133: ../clusters_kmeans/subject_133.png

Generating cluster for Subject: 134
Generated cluster for Subject: 134: ../clusters_kmeans/subject_134.png

Generating cluster for Subject: 135
Generated cluster for Subject: 135: ../clusters_kmeans/subject_135.png

Generating cluster for Subject: 136
Generated cluster for Subject: 136: ../clusters_kmeans/subject_136.png

Generating cluster for Subject: 137
Generated cluster for Subject: 137: ../clusters_kmeans/subject_137.png

Generating cluster for Subject: 138
Generated cluster for Subject: 138: ../clusters_kmeans/subject_138.png

Generating cluster for Subject: 139
Generated cluster for Subject: 139: ../clusters_kmeans/subject_139.png

Generating cluster for Subject: 140
Generated cluster for Subject: 140: ../clusters_kmeans/subject_140.png

Generating cluster for Subject: 141
Generated cluster for Subject: 141: ../clusters_kmeans/subject_141.png

Generating cluster for Subject: 142
Generated cluster for Subject: 142: ../clusters_kmeans/subject_142.png

Generating cluster for Subject: 143
Generated cluster for Subject: 143: ../clusters_kmeans/subject_143.png

Generating cluster for Subject: 144
Generated cluster for Subject: 144: ../clusters_kmeans/subject_144.png

Generating cluster for Subject: 145
Generated cluster for Subject: 145: ../clusters_kmeans/subject_145.png

Generating cluster for Subject: 146
Generated cluster for Subject: 146: ../clusters_kmeans/subject_146.png

Generating cluster for Subject: 147
Generated cluster for Subject: 147: ../clusters_kmeans/subject_147.png

Generating cluster for Subject: 148
Generated cluster for Subject: 148: ../clusters_kmeans/subject_148.png

Generating cluster for Subject: 149
Generated cluster for Subject: 149: ../clusters_kmeans/subject_149.png

Generating cluster for Subject: 150
Generated cluster for Subject: 150: ../clusters_kmeans/subject_150.png

Generating cluster for Subject: 151
Generated cluster for Subject: 151: ../clusters_kmeans/subject_151.png

Generating cluster for Subject: 152
Generated cluster for Subject: 152: ../clusters_kmeans/subject_152.png

Generating cluster for Subject: 153
Generated cluster for Subject: 153: ../clusters_kmeans/subject_153.png

Generating cluster for Subject: 154
Generated cluster for Subject: 154: ../clusters_kmeans/subject_154.png

Generating cluster for Subject: 155
Generated cluster for Subject: 155: ../clusters_kmeans/subject_155.png

Generating cluster for Subject: 156
Generated cluster for Subject: 156: ../clusters_kmeans/subject_156.png

Generating cluster for Subject: 157
Generated cluster for Subject: 157: ../clusters_kmeans/subject_157.png

Generating cluster for Subject: 158
Generated cluster for Subject: 158: ../clusters_kmeans/subject_158.png

Generating cluster for Subject: 159
Generated cluster for Subject: 159: ../clusters_kmeans/subject_159.png

Generating cluster for Subject: 160
Generated cluster for Subject: 160: ../clusters_kmeans/subject_160.png

Generating cluster for Subject: 161
Generated cluster for Subject: 161: ../clusters_kmeans/subject_161.png

Generating cluster for Subject: 162
Generated cluster for Subject: 162: ../clusters_kmeans/subject_162.png

Generating cluster for Subject: 163
Generated cluster for Subject: 163: ../clusters_kmeans/subject_163.png

Generating cluster for Subject: 164
Generated cluster for Subject: 164: ../clusters_kmeans/subject_164.png

Generating cluster for Subject: 165
Generated cluster for Subject: 165: ../clusters_kmeans/subject_165.png

Generating cluster for Subject: 166
Generated cluster for Subject: 166: ../clusters_kmeans/subject_166.png

Generating cluster for Subject: 167
Generated cluster for Subject: 167: ../clusters_kmeans/subject_167.png

Generating cluster for Subject: 168
Generated cluster for Subject: 168: ../clusters_kmeans/subject_168.png

Generating cluster for Subject: 169
Generated cluster for Subject: 169: ../clusters_kmeans/subject_169.png

Generating cluster for Subject: 170
Generated cluster for Subject: 170: ../clusters_kmeans/subject_170.png

Generating cluster for Subject: 171
Generated cluster for Subject: 171: ../clusters_kmeans/subject_171.png

Generating cluster for Subject: 172
Generated cluster for Subject: 172: ../clusters_kmeans/subject_172.png

Generating cluster for Subject: 173
Generated cluster for Subject: 173: ../clusters_kmeans/subject_173.png

Generating cluster for Subject: 174
Generated cluster for Subject: 174: ../clusters_kmeans/subject_174.png

Generating cluster for Subject: 175
Generated cluster for Subject: 175: ../clusters_kmeans/subject_175.png

Generating cluster for Subject: 176
Generated cluster for Subject: 176: ../clusters_kmeans/subject_176.png

Generating cluster for Subject: 177
Generated cluster for Subject: 177: ../clusters_kmeans/subject_177.png

Generating cluster for Subject: 178
Generated cluster for Subject: 178: ../clusters_kmeans/subject_178.png

Generating cluster for Subject: 179
Generated cluster for Subject: 179: ../clusters_kmeans/subject_179.png

Generating cluster for Subject: 180
Generated cluster for Subject: 180: ../clusters_kmeans/subject_180.png

Generating cluster for Subject: 181
Generated cluster for Subject: 181: ../clusters_kmeans/subject_181.png

Generating cluster for Subject: 182
Generated cluster for Subject: 182: ../clusters_kmeans/subject_182.png

Generating cluster for Subject: 183
Generated cluster for Subject: 183: ../clusters_kmeans/subject_183.png

Generating cluster for Subject: 184
Generated cluster for Subject: 184: ../clusters_kmeans/subject_184.png

Generating cluster for Subject: 185
Generated cluster for Subject: 185: ../clusters_kmeans/subject_185.png

Generating cluster for Subject: 186
Generated cluster for Subject: 186: ../clusters_kmeans/subject_186.png

Generating cluster for Subject: 187
Generated cluster for Subject: 187: ../clusters_kmeans/subject_187.png

Generating cluster for Subject: 188
Generated cluster for Subject: 188: ../clusters_kmeans/subject_188.png

Generating cluster for Subject: 189
Generated cluster for Subject: 189: ../clusters_kmeans/subject_189.png

Generating cluster for Subject: 190
Generated cluster for Subject: 190: ../clusters_kmeans/subject_190.png

Generating cluster for Subject: 191
Generated cluster for Subject: 191: ../clusters_kmeans/subject_191.png

Generating cluster for Subject: 192
Generated cluster for Subject: 192: ../clusters_kmeans/subject_192.png

Generating cluster for Subject: 193
Generated cluster for Subject: 193: ../clusters_kmeans/subject_193.png

Generating cluster for Subject: 194
Generated cluster for Subject: 194: ../clusters_kmeans/subject_194.png

Generating cluster for Subject: 195
Generated cluster for Subject: 195: ../clusters_kmeans/subject_195.png

Generating cluster for Subject: 196
Generated cluster for Subject: 196: ../clusters_kmeans/subject_196.png

Generating cluster for Subject: 197
Generated cluster for Subject: 197: ../clusters_kmeans/subject_197.png

Generating cluster for Subject: 198
Generated cluster for Subject: 198: ../clusters_kmeans/subject_198.png

Generating cluster for Subject: 199
Generated cluster for Subject: 199: ../clusters_kmeans/subject_199.png

Generating cluster for Subject: 200
Generated cluster for Subject: 200: ../clusters_kmeans/subject_200.png

Generating cluster for Subject: 201
Generated cluster for Subject: 201: ../clusters_kmeans/subject_201.png

Generating cluster for Subject: 202
Generated cluster for Subject: 202: ../clusters_kmeans/subject_202.png

Generating cluster for Subject: 203
Generated cluster for Subject: 203: ../clusters_kmeans/subject_203.png

Generating cluster for Subject: 204
Generated cluster for Subject: 204: ../clusters_kmeans/subject_204.png

Generating cluster for Subject: 205
Generated cluster for Subject: 205: ../clusters_kmeans/subject_205.png

Generating cluster for Subject: 206
Generated cluster for Subject: 206: ../clusters_kmeans/subject_206.png

Generating cluster for Subject: 207
Generated cluster for Subject: 207: ../clusters_kmeans/subject_207.png

Generating cluster for Subject: 208
Generated cluster for Subject: 208: ../clusters_kmeans/subject_208.png

Generating cluster for Subject: 209
Generated cluster for Subject: 209: ../clusters_kmeans/subject_209.png

Generating cluster for Subject: 210
Generated cluster for Subject: 210: ../clusters_kmeans/subject_210.png

Generating cluster for Subject: 211
Generated cluster for Subject: 211: ../clusters_kmeans/subject_211.png

Generating cluster for Subject: 212
Generated cluster for Subject: 212: ../clusters_kmeans/subject_212.png

Generating cluster for Subject: 213
Generated cluster for Subject: 213: ../clusters_kmeans/subject_213.png

Generating cluster for Subject: 214
Generated cluster for Subject: 214: ../clusters_kmeans/subject_214.png

Generating cluster for Subject: 215
Generated cluster for Subject: 215: ../clusters_kmeans/subject_215.png

Generating cluster for Subject: 216
Generated cluster for Subject: 216: ../clusters_kmeans/subject_216.png

Generating cluster for Subject: 217
Generated cluster for Subject: 217: ../clusters_kmeans/subject_217.png

Generating cluster for Subject: 218
Generated cluster for Subject: 218: ../clusters_kmeans/subject_218.png

Generating cluster for Subject: 219
Generated cluster for Subject: 219: ../clusters_kmeans/subject_219.png

Generating cluster for Subject: 220
Generated cluster for Subject: 220: ../clusters_kmeans/subject_220.png

Generating cluster for Subject: 221
Generated cluster for Subject: 221: ../clusters_kmeans/subject_221.png

Generating cluster for Subject: 222
Generated cluster for Subject: 222: ../clusters_kmeans/subject_222.png

Generating cluster for Subject: 223
Generated cluster for Subject: 223: ../clusters_kmeans/subject_223.png

Generating cluster for Subject: 224
Generated cluster for Subject: 224: ../clusters_kmeans/subject_224.png

Generating cluster for Subject: 225
Generated cluster for Subject: 225: ../clusters_kmeans/subject_225.png

Generating cluster for Subject: 226
Generated cluster for Subject: 226: ../clusters_kmeans/subject_226.png

Generating cluster for Subject: 227
Generated cluster for Subject: 227: ../clusters_kmeans/subject_227.png

Generating cluster for Subject: 228
Generated cluster for Subject: 228: ../clusters_kmeans/subject_228.png

Generating cluster for Subject: 229
Generated cluster for Subject: 229: ../clusters_kmeans/subject_229.png

Generating cluster for Subject: 230
Generated cluster for Subject: 230: ../clusters_kmeans/subject_230.png

Generating cluster for Subject: 231
Generated cluster for Subject: 231: ../clusters_kmeans/subject_231.png

Generating cluster for Subject: 232
Generated cluster for Subject: 232: ../clusters_kmeans/subject_232.png

Generating cluster for Subject: 233
Generated cluster for Subject: 233: ../clusters_kmeans/subject_233.png

Generating cluster for Subject: 234
Generated cluster for Subject: 234: ../clusters_kmeans/subject_234.png

Generating cluster for Subject: 235
Generated cluster for Subject: 235: ../clusters_kmeans/subject_235.png

Generating cluster for Subject: 236
Generated cluster for Subject: 236: ../clusters_kmeans/subject_236.png

Generating cluster for Subject: 237
Generated cluster for Subject: 237: ../clusters_kmeans/subject_237.png

Generating cluster for Subject: 238
Generated cluster for Subject: 238: ../clusters_kmeans/subject_238.png

Generating cluster for Subject: 239
Generated cluster for Subject: 239: ../clusters_kmeans/subject_239.png

Generating cluster for Subject: 240
Generated cluster for Subject: 240: ../clusters_kmeans/subject_240.png

Generating cluster for Subject: 241
Generated cluster for Subject: 241: ../clusters_kmeans/subject_241.png

Generating cluster for Subject: 242
Generated cluster for Subject: 242: ../clusters_kmeans/subject_242.png

Generating cluster for Subject: 243
Generated cluster for Subject: 243: ../clusters_kmeans/subject_243.png

Generating cluster for Subject: 244
Generated cluster for Subject: 244: ../clusters_kmeans/subject_244.png

Generating cluster for Subject: 245
Generated cluster for Subject: 245: ../clusters_kmeans/subject_245.png

Generating cluster for Subject: 246
Generated cluster for Subject: 246: ../clusters_kmeans/subject_246.png

Generating cluster for Subject: 247
Generated cluster for Subject: 247: ../clusters_kmeans/subject_247.png

Generating cluster for Subject: 248
Generated cluster for Subject: 248: ../clusters_kmeans/subject_248.png

Generating cluster for Subject: 249
Generated cluster for Subject: 249: ../clusters_kmeans/subject_249.png

Generating cluster for Subject: 250
Generated cluster for Subject: 250: ../clusters_kmeans/subject_250.png

Generating cluster for Subject: 251
Generated cluster for Subject: 251: ../clusters_kmeans/subject_251.png

Generating cluster for Subject: 252
Generated cluster for Subject: 252: ../clusters_kmeans/subject_252.png

Generating cluster for Subject: 253
Generated cluster for Subject: 253: ../clusters_kmeans/subject_253.png

Generating cluster for Subject: 254
Generated cluster for Subject: 254: ../clusters_kmeans/subject_254.png

Generating cluster for Subject: 255
Generated cluster for Subject: 255: ../clusters_kmeans/subject_255.png

Generating cluster for Subject: 256
Generated cluster for Subject: 256: ../clusters_kmeans/subject_256.png

Generating cluster for Subject: 257
Generated cluster for Subject: 257: ../clusters_kmeans/subject_257.png

Generating cluster for Subject: 258
Generated cluster for Subject: 258: ../clusters_kmeans/subject_258.png

Generating cluster for Subject: 259
Generated cluster for Subject: 259: ../clusters_kmeans/subject_259.png

Generating cluster for Subject: 260
Generated cluster for Subject: 260: ../clusters_kmeans/subject_260.png

Generating cluster for Subject: 261
Generated cluster for Subject: 261: ../clusters_kmeans/subject_261.png

Generating cluster for Subject: 262
Generated cluster for Subject: 262: ../clusters_kmeans/subject_262.png

Generating cluster for Subject: 263
Generated cluster for Subject: 263: ../clusters_kmeans/subject_263.png

Generating cluster for Subject: 264
Generated cluster for Subject: 264: ../clusters_kmeans/subject_264.png

Generating cluster for Subject: 265
Generated cluster for Subject: 265: ../clusters_kmeans/subject_265.png

Generating cluster for Subject: 266
Generated cluster for Subject: 266: ../clusters_kmeans/subject_266.png

Generating cluster for Subject: 267
Generated cluster for Subject: 267: ../clusters_kmeans/subject_267.png

Generating cluster for Subject: 268
Generated cluster for Subject: 268: ../clusters_kmeans/subject_268.png

Generating cluster for Subject: 269
Generated cluster for Subject: 269: ../clusters_kmeans/subject_269.png

Generating cluster for Subject: 270
Generated cluster for Subject: 270: ../clusters_kmeans/subject_270.png

Generating cluster for Subject: 271
Generated cluster for Subject: 271: ../clusters_kmeans/subject_271.png

Generating cluster for Subject: 272
Generated cluster for Subject: 272: ../clusters_kmeans/subject_272.png

Generating cluster for Subject: 273
Generated cluster for Subject: 273: ../clusters_kmeans/subject_273.png

Generating cluster for Subject: 274
Generated cluster for Subject: 274: ../clusters_kmeans/subject_274.png

Generating cluster for Subject: 275
Generated cluster for Subject: 275: ../clusters_kmeans/subject_275.png

Generating cluster for Subject: 276
Generated cluster for Subject: 276: ../clusters_kmeans/subject_276.png

Generating cluster for Subject: 277
Generated cluster for Subject: 277: ../clusters_kmeans/subject_277.png

Generating cluster for Subject: 278
Generated cluster for Subject: 278: ../clusters_kmeans/subject_278.png

Generating cluster for Subject: 279
Generated cluster for Subject: 279: ../clusters_kmeans/subject_279.png

Generating cluster for Subject: 280
Generated cluster for Subject: 280: ../clusters_kmeans/subject_280.png

Generating cluster for Subject: 281
Generated cluster for Subject: 281: ../clusters_kmeans/subject_281.png

Generating cluster for Subject: 282
Generated cluster for Subject: 282: ../clusters_kmeans/subject_282.png

Generating cluster for Subject: 283
Generated cluster for Subject: 283: ../clusters_kmeans/subject_283.png

Generating cluster for Subject: 284
Generated cluster for Subject: 284: ../clusters_kmeans/subject_284.png

Generating cluster for Subject: 285
Generated cluster for Subject: 285: ../clusters_kmeans/subject_285.png

Generating cluster for Subject: 286
Generated cluster for Subject: 286: ../clusters_kmeans/subject_286.png

Generating cluster for Subject: 287
Generated cluster for Subject: 287: ../clusters_kmeans/subject_287.png

Generating cluster for Subject: 288
Generated cluster for Subject: 288: ../clusters_kmeans/subject_288.png

Generating cluster for Subject: 289
Generated cluster for Subject: 289: ../clusters_kmeans/subject_289.png

Generating cluster for Subject: 290
Generated cluster for Subject: 290: ../clusters_kmeans/subject_290.png

Generating cluster for Subject: 291
Generated cluster for Subject: 291: ../clusters_kmeans/subject_291.png

Generating cluster for Subject: 292
Generated cluster for Subject: 292: ../clusters_kmeans/subject_292.png

Generating cluster for Subject: 293
Generated cluster for Subject: 293: ../clusters_kmeans/subject_293.png

Generating cluster for Subject: 294
Generated cluster for Subject: 294: ../clusters_kmeans/subject_294.png

Generating cluster for Subject: 295
Generated cluster for Subject: 295: ../clusters_kmeans/subject_295.png

Generating cluster for Subject: 296
Generated cluster for Subject: 296: ../clusters_kmeans/subject_296.png

Generating cluster for Subject: 297
Generated cluster for Subject: 297: ../clusters_kmeans/subject_297.png

Generating cluster for Subject: 298
Generated cluster for Subject: 298: ../clusters_kmeans/subject_298.png

Generating cluster for Subject: 299
Generated cluster for Subject: 299: ../clusters_kmeans/subject_299.png

Generating cluster for Subject: 300
Generated cluster for Subject: 300: ../clusters_kmeans/subject_300.png

Generating cluster for Subject: 301
Generated cluster for Subject: 301: ../clusters_kmeans/subject_301.png

Generating cluster for Subject: 302
Generated cluster for Subject: 302: ../clusters_kmeans/subject_302.png

Generating cluster for Subject: 303
Generated cluster for Subject: 303: ../clusters_kmeans/subject_303.png

Generating cluster for Subject: 304
Generated cluster for Subject: 304: ../clusters_kmeans/subject_304.png

Generating cluster for Subject: 305
Generated cluster for Subject: 305: ../clusters_kmeans/subject_305.png

Generating cluster for Subject: 306
Generated cluster for Subject: 306: ../clusters_kmeans/subject_306.png

Generating cluster for Subject: 307
Generated cluster for Subject: 307: ../clusters_kmeans/subject_307.png

Generating cluster for Subject: 308
Generated cluster for Subject: 308: ../clusters_kmeans/subject_308.png

Generating cluster for Subject: 309
Generated cluster for Subject: 309: ../clusters_kmeans/subject_309.png

Generating cluster for Subject: 310
Generated cluster for Subject: 310: ../clusters_kmeans/subject_310.png

Generating cluster for Subject: 311
Generated cluster for Subject: 311: ../clusters_kmeans/subject_311.png

Generating cluster for Subject: 312
Generated cluster for Subject: 312: ../clusters_kmeans/subject_312.png

Generating cluster for Subject: 313
Generated cluster for Subject: 313: ../clusters_kmeans/subject_313.png

Generating cluster for Subject: 314
Generated cluster for Subject: 314: ../clusters_kmeans/subject_314.png

Generating cluster for Subject: 315
Generated cluster for Subject: 315: ../clusters_kmeans/subject_315.png

Generating cluster for Subject: 316
Generated cluster for Subject: 316: ../clusters_kmeans/subject_316.png

Done. Generated clusters: subject 1 - 316

Clustering Method: KMeans
Best cluster selection using Silhouette Score in 2-15 range
Total subjects: 316
Match percentages:
Distance:   0, number of subjects:  62, percentage: 19.62%
Distance:   1, number of subjects:  47, percentage: 14.87%
Distance:   2, number of subjects:  25, percentage: 7.91%
Distance:   3, number of subjects:  22, percentage: 6.96%
Distance:   4, number of subjects:  18, percentage: 5.70%
Distance:   5, number of subjects:  13, percentage: 4.11%
Distance:   6, number of subjects:  12, percentage: 3.80%
Distance:   7, number of subjects:  23, percentage: 7.28%
Distance:   8, number of subjects:  11, percentage: 3.48%
Distance:   9, number of subjects:  11, percentage: 3.48%
Distance:  10, number of subjects:  16, percentage: 5.06%
Distance:  11, number of subjects:  16, percentage: 5.06%
Distance:  12, number of subjects:  13, percentage: 4.11%
Distance:  13, number of subjects:  27, percentage: 8.54%
Method main((), {}) executed in 1196.2282 seconds

